Rating Counts: 1300956

Movie Counts: 45843

The baseline rmse= 1.0607.
The RMSE of the bestModel from ALS on validation set is 1.0459
The RMSE of the bestModel from ALS on test set is 1.0440, which is 1.57% over baseline.
The best model was trained with param = {
        als_eff095e1c18b-rank: 10,
        als_eff095e1c18b-regParam: 0.1
}

The prediction on unratedMovie for user=60015 from ALS model (the same result as floating seed and regParams (0.8, 0.5, 0.1).  This uses (0.5, 0.1, 0.01)

+-------+----------------------------------------------------------------------------+------------------------------+------+---------+
|movieId|title                                                                       |genres                        |userId|rating   |
+-------+----------------------------------------------------------------------------+------------------------------+------+---------+
|69699  |Love Streams (1984)                                                         |Comedy|Drama                  |60015 |5.5054116|
|26246  |Johnny Got His Gun (1971)                                                   |Drama|War                     |60015 |5.135668 |
|1470   |Rhyme & Reason (1997)                                                       |Documentary                   |60015 |5.004135 |
|169092 |The Story of the Voyages (1983)                                             |Adventure|Children|Fantasy    |60015 |4.9626265|
|167770 |Christmas Time In South Park (2000)                                         |(no genres listed)            |60015 |4.9533215|
|128846 |An Evening with Robin Williams (1982)                                       |Comedy                        |60015 |4.9222994|
|119909 |Sharpe's Eagle (1993)                                                       |Action|Adventure|War          |60015 |4.897644 |
|139100 |Once Brothers (2010)                                                        |Documentary                   |60015 |4.8231735|
|170745 |13 reasons why                                                              |(no genres listed)            |60015 |4.767637 |
|4698   |Orphans (1997)                                                              |Comedy|Drama                  |60015 |4.753808 |
|39410  |Protocols of Zion (2005)                                                    |Documentary                   |60015 |4.7337523|
|108875 |Harvest (Stadt Land Fluss) (2011)                                           |Drama|Romance                 |60015 |4.7309294|
|107640 |Glass Agency, The (Ajans-E Shisheh-I) (1999)                                |Crime|Drama|Film-Noir|Thriller|60015 |4.7257576|
|120815 |Patton Oswalt: Werewolves and Lollipops (2007)                              |Comedy                        |60015 |4.717819 |
|60904  |Heart of a Dog (Sobachye serdtse) (1988)                                    |Comedy|Drama|Sci-Fi           |60015 |4.670426 |
|135867 |Rabbit Fire (1951)                                                          |Animation|Children|Comedy     |60015 |4.646427 |
|32199  |Four Shades of Brown (Fyra nyanser av brunt) (2004)                         |Comedy|Drama                  |60015 |4.6401806|
|141844 |12 Chairs (1971)                                                            |Adventure|Comedy              |60015 |4.627616 |
|110167 |Judge and the Assassin, The (Juge et l'assassin, Le) (1976)                 |Crime|Drama                   |60015 |4.5801883|
|7914   |Berlin: Symphony of a Great City (Berlin: Die Sinfonie der Großstadt) (1927)|Documentary                   |60015 |4.5522723|
+-------+----------------------------------------------------------------------------+------------------------------+------+---------+
only showing top 20 rows

The recommendation on unratedMovie for user=60015 from ALS model

+-------+----------------------------------------------------------------------------+------------------------------+------+---------+
|movieId|title                                                                       |genres                        |userId|rating   |
+-------+----------------------------------------------------------------------------+------------------------------+------+---------+
|69699  |Love Streams (1984)                                                         |Comedy|Drama                  |60015 |5.5054116|
|26246  |Johnny Got His Gun (1971)                                                   |Drama|War                     |60015 |5.135668 |
|1470   |Rhyme & Reason (1997)                                                       |Documentary                   |60015 |5.004135 |
|169092 |The Story of the Voyages (1983)                                             |Adventure|Children|Fantasy    |60015 |4.9626265|
|167770 |Christmas Time In South Park (2000)                                         |(no genres listed)            |60015 |4.9533215|
|128846 |An Evening with Robin Williams (1982)                                       |Comedy                        |60015 |4.9222994|
|119909 |Sharpe's Eagle (1993)                                                       |Action|Adventure|War          |60015 |4.897644 |
|139100 |Once Brothers (2010)                                                        |Documentary                   |60015 |4.8231735|
|170745 |13 reasons why                                                              |(no genres listed)            |60015 |4.767637 |
|4698   |Orphans (1997)                                                              |Comedy|Drama                  |60015 |4.753808 |
|39410  |Protocols of Zion (2005)                                                    |Documentary                   |60015 |4.7337523|
|108875 |Harvest (Stadt Land Fluss) (2011)                                           |Drama|Romance                 |60015 |4.7309294|
|107640 |Glass Agency, The (Ajans-E Shisheh-I) (1999)                                |Crime|Drama|Film-Noir|Thriller|60015 |4.7257576|
|120815 |Patton Oswalt: Werewolves and Lollipops (2007)                              |Comedy                        |60015 |4.717819 |
|60904  |Heart of a Dog (Sobachye serdtse) (1988)                                    |Comedy|Drama|Sci-Fi           |60015 |4.670426 |
|135867 |Rabbit Fire (1951)                                                          |Animation|Children|Comedy     |60015 |4.646427 |
|32199  |Four Shades of Brown (Fyra nyanser av brunt) (2004)                         |Comedy|Drama                  |60015 |4.6401806|
|141844 |12 Chairs (1971)                                                            |Adventure|Comedy              |60015 |4.627616 |
|110167 |Judge and the Assassin, The (Juge et l'assassin, Le) (1976)                 |Crime|Drama                   |60015 |4.5801883|
|7914   |Berlin: Symphony of a Great City (Berlin: Die Sinfonie der Großstadt) (1927)|Documentary                   |60015 |4.5522723|
+-------+----------------------------------------------------------------------------+------------------------------+------+---------+
only showing top 20 rows


